<?xml version="1.0" encoding="UTF-8"?>
<!-- Generated by org.testng.reporters.JUnitXMLReporter -->
<testsuite ignored="0" hostname="DESKTOP-ADL735K" failures="0" tests="1" name="Default test" time="94.915" errors="0" timestamp="2023-09-07T10:04:56 IST">
  <testcase classname="genericLibrary.BaseClass" name="@BeforeMethod openApp" time="94.823">
    <failure type="io.github.bonigarcia.wdm.config.WebDriverManagerException" message="io.github.bonigarcia.wdm.config.WebDriverManagerException: javax.net.ssl.SSLException: Tag mismatch!">
      <![CDATA[io.github.bonigarcia.wdm.config.WebDriverManagerException: io.github.bonigarcia.wdm.config.WebDriverManagerException: javax.net.ssl.SSLException: Tag mismatch!
at io.github.bonigarcia.wdm.WebDriverManager.handleException(WebDriverManager.java:1140)
at io.github.bonigarcia.wdm.WebDriverManager.manage(WebDriverManager.java:933)
at io.github.bonigarcia.wdm.WebDriverManager.fallback(WebDriverManager.java:1156)
at io.github.bonigarcia.wdm.WebDriverManager.handleException(WebDriverManager.java:1137)
at io.github.bonigarcia.wdm.WebDriverManager.manage(WebDriverManager.java:933)
at io.github.bonigarcia.wdm.WebDriverManager.handleException(WebDriverManager.java:1130)
at io.github.bonigarcia.wdm.WebDriverManager.manage(WebDriverManager.java:933)
at io.github.bonigarcia.wdm.WebDriverManager.setup(WebDriverManager.java:337)
at genericLibrary.BaseClass.openApp(BaseClass.java:23)
at java.base/jdk.internal.reflect.NativeMethodAccessorImpl.invoke0(Native Method)
at java.base/jdk.internal.reflect.NativeMethodAccessorImpl.invoke(NativeMethodAccessorImpl.java:77)
at java.base/jdk.internal.reflect.DelegatingMethodAccessorImpl.invoke(DelegatingMethodAccessorImpl.java:43)
at java.base/java.lang.reflect.Method.invoke(Method.java:568)
at org.testng.internal.invokers.MethodInvocationHelper.invokeMethod(MethodInvocationHelper.java:139)
at org.testng.internal.invokers.MethodInvocationHelper.invokeMethodConsideringTimeout(MethodInvocationHelper.java:69)
at org.testng.internal.invokers.ConfigInvoker.invokeConfigurationMethod(ConfigInvoker.java:390)
at org.testng.internal.invokers.ConfigInvoker.invokeConfigurations(ConfigInvoker.java:325)
at org.testng.internal.invokers.TestInvoker.runConfigMethods(TestInvoker.java:810)
at org.testng.internal.invokers.TestInvoker.invokeMethod(TestInvoker.java:577)
at org.testng.internal.invokers.TestInvoker.invokeTestMethod(TestInvoker.java:227)
at org.testng.internal.invokers.MethodRunner.runInSequence(MethodRunner.java:50)
at org.testng.internal.invokers.TestInvoker$MethodInvocationAgent.invoke(TestInvoker.java:957)
at org.testng.internal.invokers.TestInvoker.invokeTestMethods(TestInvoker.java:200)
at org.testng.internal.invokers.TestMethodWorker.invokeTestMethods(TestMethodWorker.java:148)
at org.testng.internal.invokers.TestMethodWorker.run(TestMethodWorker.java:128)
at java.base/java.util.ArrayList.forEach(ArrayList.java:1511)
at org.testng.TestRunner.privateRun(TestRunner.java:848)
at org.testng.TestRunner.run(TestRunner.java:621)
at org.testng.SuiteRunner.runTest(SuiteRunner.java:443)
at org.testng.SuiteRunner.runSequentially(SuiteRunner.java:437)
at org.testng.SuiteRunner.privateRun(SuiteRunner.java:397)
at org.testng.SuiteRunner.run(SuiteRunner.java:336)
at org.testng.SuiteRunnerWorker.runSuite(SuiteRunnerWorker.java:52)
at org.testng.SuiteRunnerWorker.run(SuiteRunnerWorker.java:95)
at org.testng.TestNG.runSuitesSequentially(TestNG.java:1280)
at org.testng.TestNG.runSuitesLocally(TestNG.java:1200)
at org.testng.TestNG.runSuites(TestNG.java:1114)
at org.testng.TestNG.run(TestNG.java:1082)
at org.testng.remote.AbstractRemoteTestNG.run(AbstractRemoteTestNG.java:115)
at org.testng.remote.RemoteTestNG.initAndRun(RemoteTestNG.java:251)
at org.testng.remote.RemoteTestNG.main(RemoteTestNG.java:77)
Caused by: io.github.bonigarcia.wdm.config.WebDriverManagerException: javax.net.ssl.SSLException: Tag mismatch!
at io.github.bonigarcia.wdm.WebDriverManager.getDriversFromXml(WebDriverManager.java:1286)
at io.github.bonigarcia.wdm.managers.EdgeDriverManager.getDriverUrls(EdgeDriverManager.java:114)
at io.github.bonigarcia.wdm.WebDriverManager.createUrlHandler(WebDriverManager.java:1161)
at io.github.bonigarcia.wdm.WebDriverManager.download(WebDriverManager.java:1009)
at io.github.bonigarcia.wdm.WebDriverManager.manage(WebDriverManager.java:927)
... 39 more
Caused by: javax.net.ssl.SSLException: Tag mismatch!
at java.base/sun.security.ssl.Alert.createSSLException(Alert.java:133)
at java.base/sun.security.ssl.TransportContext.fatal(TransportContext.java:378)
at java.base/sun.security.ssl.TransportContext.fatal(TransportContext.java:321)
at java.base/sun.security.ssl.TransportContext.fatal(TransportContext.java:316)
at java.base/sun.security.ssl.SSLTransport.decode(SSLTransport.java:123)
at java.base/sun.security.ssl.SSLSocketImpl.decode(SSLSocketImpl.java:1513)
at java.base/sun.security.ssl.SSLSocketImpl.readApplicationRecord(SSLSocketImpl.java:1484)
at java.base/sun.security.ssl.SSLSocketImpl$AppInputStream.read(SSLSocketImpl.java:1069)
at org.apache.hc.core5.http.impl.io.SessionInputBufferImpl.fillBuffer(SessionInputBufferImpl.java:149)
at org.apache.hc.core5.http.impl.io.SessionInputBufferImpl.read(SessionInputBufferImpl.java:203)
at org.apache.hc.core5.http.impl.io.ChunkedInputStream.read(ChunkedInputStream.java:188)
at org.apache.hc.core5.http.io.EofSensorInputStream.read(EofSensorInputStream.java:135)
at org.apache.hc.core5.http.io.EofSensorInputStream.read(EofSensorInputStream.java:148)
at org.apache.commons.io.IOUtils.copyLarge(IOUtils.java:1309)
at org.apache.commons.io.IOUtils.copy(IOUtils.java:978)
at org.apache.commons.io.IOUtils.copyLarge(IOUtils.java:1282)
at org.apache.commons.io.IOUtils.copy(IOUtils.java:953)
at org.apache.commons.io.IOUtils.toByteArray(IOUtils.java:2405)
at io.github.bonigarcia.wdm.WebDriverManager.loadXML(WebDriverManager.java:1301)
at io.github.bonigarcia.wdm.WebDriverManager.getDriversFromXml(WebDriverManager.java:1272)
... 43 more
Suppressed: javax.net.ssl.SSLException: Connection has closed: javax.net.ssl.SSLException: Tag mismatch!
at java.base/sun.security.ssl.SSLSocketImpl$AppInputStream.checkEOF(SSLSocketImpl.java:1163)
at java.base/sun.security.ssl.SSLSocketImpl$AppInputStream.read(SSLSocketImpl.java:1008)
at org.apache.hc.core5.http.impl.io.SessionInputBufferImpl.fillBuffer(SessionInputBufferImpl.java:149)
at org.apache.hc.core5.http.impl.io.SessionInputBufferImpl.read(SessionInputBufferImpl.java:203)
at org.apache.hc.core5.http.impl.io.ChunkedInputStream.read(ChunkedInputStream.java:188)
at org.apache.hc.core5.http.impl.io.ChunkedInputStream.read(ChunkedInputStream.java:210)
at org.apache.hc.core5.http.impl.io.ChunkedInputStream.close(ChunkedInputStream.java:319)
at org.apache.hc.core5.io.Closer.close(Closer.java:48)
at org.apache.hc.core5.http.impl.io.IncomingHttpEntity.close(IncomingHttpEntity.java:111)
at org.apache.hc.core5.http.io.entity.HttpEntityWrapper.close(HttpEntityWrapper.java:120)
at org.apache.hc.core5.io.Closer.close(Closer.java:48)
at org.apache.hc.core5.http.message.BasicClassicHttpResponse.close(BasicClassicHttpResponse.java:93)
at org.apache.hc.client5.http.impl.classic.CloseableHttpResponse.close(CloseableHttpResponse.java:200)
at io.github.bonigarcia.wdm.WebDriverManager.getDriversFromXml(WebDriverManager.java:1270)
... 43 more
Caused by: [CIRCULAR REFERENCE: javax.net.ssl.SSLException: Tag mismatch!]
Caused by: javax.crypto.AEADBadTagException: Tag mismatch!
at java.base/com.sun.crypto.provider.GaloisCounterMode$GCMDecrypt.doFinal(GaloisCounterMode.java:1486)
at java.base/com.sun.crypto.provider.GaloisCounterMode.engineDoFinal(GaloisCounterMode.java:447)
at java.base/javax.crypto.Cipher.doFinal(Cipher.java:2500)
at java.base/sun.security.ssl.SSLCipher$T12GcmReadCipherGenerator$GcmReadCipher.decrypt(SSLCipher.java:1659)
at java.base/sun.security.ssl.SSLSocketInputRecord.decodeInputRecord(SSLSocketInputRecord.java:264)
at java.base/sun.security.ssl.SSLSocketInputRecord.decode(SSLSocketInputRecord.java:181)
at java.base/sun.security.ssl.SSLTransport.decode(SSLTransport.java:111)
... 58 more
]]>
    </failure>
  </testcase> <!-- @BeforeMethod openApp -->
  <testcase classname="genericLibrary.BaseClass" name="@AfterMethod closeApp" time="0.0">
    <skipped/>
  </testcase> <!-- @AfterMethod closeApp -->
  <testcase classname="Scripts.TestCase1" name="tc1" time="0.0">
    <skipped/>
  </testcase> <!-- tc1 -->
</testsuite> <!-- Default test -->
